"2024-06-04 20:32:32,988 INFO  [main] com.project.SchoolManagementApplication:Starting SchoolManagementApplication using Java 17.0.11 on Dogu-MacBook-Air.local with PID 31541 (/Users/dogu/Desktop/MyProjects/School Management/target/classes started by dogu in /Users/dogu/Desktop/MyProjects/School Management)
""2024-06-04 20:32:32,990 INFO  [main] com.project.SchoolManagementApplication:No active profile set, falling back to 1 default profile: "default"
""2024-06-04 20:32:33,290 INFO  [main] org.springframework.data.repository.config.RepositoryConfigurationDelegate:Bootstrapping Spring Data JPA repositories in DEFAULT mode.
""2024-06-04 20:32:33,320 INFO  [main] org.springframework.data.repository.config.RepositoryConfigurationDelegate:Finished Spring Data repository scanning in 27 ms. Found 6 JPA repository interfaces.
""2024-06-04 20:32:33,566 INFO  [main] org.springframework.boot.web.embedded.tomcat.TomcatWebServer:Tomcat initialized with port(s): 8080 (http)
""2024-06-04 20:32:33,570 INFO  [main] org.apache.catalina.core.StandardService:Starting service [Tomcat]
""2024-06-04 20:32:33,570 INFO  [main] org.apache.catalina.core.StandardEngine:Starting Servlet engine: [Apache Tomcat/9.0.68]
""2024-06-04 20:32:33,607 INFO  [main] org.apache.catalina.core.ContainerBase.[Tomcat].[localhost].[/]:Initializing Spring embedded WebApplicationContext
""2024-06-04 20:32:33,607 INFO  [main] org.springframework.boot.web.servlet.context.ServletWebServerApplicationContext:Root WebApplicationContext: initialization completed in 597 ms
""2024-06-04 20:32:33,667 INFO  [main] org.hibernate.jpa.internal.util.LogHelper:HHH000204: Processing PersistenceUnitInfo [name: default]
""2024-06-04 20:32:33,687 INFO  [main] org.hibernate.Version:HHH000412: Hibernate ORM core version 5.6.12.Final
""2024-06-04 20:32:33,747 INFO  [main] org.hibernate.annotations.common.Version:HCANN000001: Hibernate Commons Annotations {5.1.2.Final}
""2024-06-04 20:32:33,782 INFO  [main] com.zaxxer.hikari.HikariDataSource:HikariPool-1 - Starting...
""2024-06-04 20:32:33,946 INFO  [main] com.zaxxer.hikari.HikariDataSource:HikariPool-1 - Start completed.
""2024-06-04 20:32:33,953 INFO  [main] org.hibernate.dialect.Dialect:HHH000400: Using dialect: org.hibernate.dialect.PostgreSQL81Dialect
""2024-06-04 20:32:34,357 INFO  [main] org.hibernate.engine.transaction.jta.platform.internal.JtaPlatformInitiator:HHH000490: Using JtaPlatform implementation: [org.hibernate.engine.transaction.jta.platform.internal.NoJtaPlatform]
""2024-06-04 20:32:34,360 INFO  [main] org.springframework.orm.jpa.LocalContainerEntityManagerFactoryBean:Initialized JPA EntityManagerFactory for persistence unit 'default'
""2024-06-04 20:32:34,737 WARN  [main] org.springframework.boot.autoconfigure.orm.jpa.JpaBaseConfiguration$JpaWebConfiguration:spring.jpa.open-in-view is enabled by default. Therefore, database queries may be performed during view rendering. Explicitly configure spring.jpa.open-in-view to disable this warning
""2024-06-04 20:32:34,822 INFO  [main] org.springframework.security.web.DefaultSecurityFilterChain:Will secure any request with [org.springframework.security.web.session.DisableEncodeUrlFilter@3cd28235, org.springframework.security.web.context.request.async.WebAsyncManagerIntegrationFilter@75312c94, org.springframework.security.web.context.SecurityContextPersistenceFilter@77972964, org.springframework.security.web.header.HeaderWriterFilter@1ac68548, org.springframework.web.filter.CorsFilter@140cfc5f, org.springframework.security.web.authentication.logout.LogoutFilter@28d7bd6b, com.project.security.jwt.AuthTokenFilter@a6a2c20, org.springframework.security.web.savedrequest.RequestCacheAwareFilter@7aa1fb0e, org.springframework.security.web.servletapi.SecurityContextHolderAwareRequestFilter@5e663ab, org.springframework.security.web.authentication.AnonymousAuthenticationFilter@6b063695, org.springframework.security.web.session.SessionManagementFilter@e2d9923, org.springframework.security.web.access.ExceptionTranslationFilter@75b3ef1a, org.springframework.security.web.access.intercept.FilterSecurityInterceptor@53335328]
""2024-06-04 20:32:34,905 INFO  [main] org.springframework.boot.web.embedded.tomcat.TomcatWebServer:Tomcat started on port(s): 8080 (http) with context path ''
""2024-06-04 20:32:34,909 INFO  [main] com.project.SchoolManagementApplication:Started SchoolManagementApplication in 2.122 seconds (JVM running for 2.343)
""2024-06-04 20:32:38,379 INFO  [SpringApplicationShutdownHook] org.springframework.orm.jpa.LocalContainerEntityManagerFactoryBean:Closing JPA EntityManagerFactory for persistence unit 'default'
""2024-06-04 20:32:38,380 INFO  [SpringApplicationShutdownHook] com.zaxxer.hikari.HikariDataSource:HikariPool-1 - Shutdown initiated...
""2024-06-04 20:32:38,381 INFO  [SpringApplicationShutdownHook] com.zaxxer.hikari.HikariDataSource:HikariPool-1 - Shutdown completed.
"